<?xml version="1.0" encoding="UTF-8"?>
<!-- Generated by org.testng.reporters.JUnitXMLReporter -->
<testsuite ignored="0" hostname="LAPTOP-6NAHQRLV" failures="0" tests="3" name="Default test" time="0.184" errors="0" timestamp="2026-07-14T17:21:27 IST">
  <testcase classname="testNg.DependsOnMethod" name="createAcc" time="0.047"/>
  <testcase classname="testNg.DependsOnMethod" name="editAcc" time="0.007"/>
  <testcase classname="testNg.DependsOnMethod" name="deleteAcc" time="0.002"/>
</testsuite> <!-- Default test -->
