<?xml version="1.0" encoding="UTF-8"?>
<testng-results ignored="0" total="1" passed="1" failed="0" skipped="0">
  <reporter-output>
  </reporter-output>
  <suite started-at="2026-07-14T20:23:52 IST" name="Suite" finished-at="2026-07-14T20:23:52 IST" duration-ms="106">
    <groups>
      <group name="smoke">
        <method signature="DemoTest1.testMethod()[pri:0, instance:TestCasePackage.DemoTest1@36bc55de]" name="testMethod" class="TestCasePackage.DemoTest1"/>
      </group> <!-- smoke -->
    </groups>
    <test started-at="2026-07-14T20:23:52 IST" name="Test" finished-at="2026-07-14T20:23:52 IST" duration-ms="106">
      <class name="TestCasePackage.DemoTest1">
        <test-method signature="testMethod()[pri:0, instance:TestCasePackage.DemoTest1@36bc55de]" started-at="2026-07-14T20:23:52 IST" name="testMethod" finished-at="2026-07-14T20:23:52 IST" duration-ms="19" status="PASS">
          <reporter-output>
          </reporter-output>
        </test-method> <!-- testMethod -->
      </class> <!-- TestCasePackage.DemoTest1 -->
    </test> <!-- Test -->
  </suite> <!-- Suite -->
</testng-results>
