<?xml version="1.0" encoding="UTF-8"?>
<!-- Generated by org.testng.reporters.JUnitReportReporter -->
<testsuite hostname="LAPTOP-6NAHQRLV" failures="0" tests="4" name="testNg.InvocationCount$InvCount" time="25.836" errors="0" timestamp="2026-07-14T17:14:39 IST" skipped="0">
  <testcase classname="testNg.InvocationCount$InvCount" name="login" time="6.295"/>
  <testcase classname="testNg.InvocationCount$InvCount" name="login" time="7.432"/>
  <testcase classname="testNg.InvocationCount$InvCount" name="login" time="6.063"/>
  <testcase classname="testNg.InvocationCount$InvCount" name="login" time="6.046"/>
</testsuite> <!-- testNg.InvocationCount$InvCount -->
