<?xml version="1.0" encoding="UTF-8"?>
<!-- Generated by org.testng.reporters.JUnitReportReporter -->
<testsuite hostname="LAPTOP-6NAHQRLV" failures="0" tests="4" name="testNg.FruitN" time="0.025" errors="0" timestamp="2026-07-14T16:42:18 IST" skipped="0">
  <testcase classname="testNg.FruitN" name="Banana" time="0.013">
    <system-out>
      <![CDATA[Banana]]>
    </system-out>
  </testcase> <!-- Banana -->
  <testcase classname="testNg.FruitN" name="apple" time="0.006">
    <system-out>
      <![CDATA[apple]]>
    </system-out>
  </testcase> <!-- apple -->
  <testcase classname="testNg.FruitN" name="kiwi" time="0.003">
    <system-out>
      <![CDATA[kiwi]]>
    </system-out>
  </testcase> <!-- kiwi -->
  <testcase classname="testNg.FruitN" name="Grapes" time="0.003">
    <system-out>
      <![CDATA[Grapes]]>
    </system-out>
  </testcase> <!-- Grapes -->
  <system-out>
    <![CDATA[Banana
Grapes
apple
kiwi]]>
  </system-out>
</testsuite> <!-- testNg.FruitN -->
