<?xml version="1.0" encoding="UTF-8"?>
<!-- Generated by org.testng.reporters.JUnitReportReporter -->
<testsuite hostname="LAPTOP-6NAHQRLV" failures="0" tests="3" name="testNg.PriorityAttribute1$PriorityAttribute" time="0.024" errors="0" timestamp="2026-07-14T16:50:21 IST" skipped="0">
  <testcase classname="testNg.PriorityAttribute1$PriorityAttribute" name="sub" time="0.018">
    <system-out>
      <![CDATA[sub]]>
    </system-out>
  </testcase> <!-- sub -->
  <testcase classname="testNg.PriorityAttribute1$PriorityAttribute" name="mul" time="0.004">
    <system-out>
      <![CDATA[mul]]>
    </system-out>
  </testcase> <!-- mul -->
  <testcase classname="testNg.PriorityAttribute1$PriorityAttribute" name="add" time="0.002">
    <system-out>
      <![CDATA[add]]>
    </system-out>
  </testcase> <!-- add -->
  <system-out>
    <![CDATA[sub
mul
add]]>
  </system-out>
</testsuite> <!-- testNg.PriorityAttribute1$PriorityAttribute -->
