<?xml version="1.0" encoding="UTF-8"?>
<!-- Generated by org.testng.reporters.JUnitReportReporter -->
<testsuite hostname="LAPTOP-6NAHQRLV" failures="0" tests="3" name="testNg.DemoN" time="0.023" errors="0" timestamp="2026-07-14T17:16:12 IST" skipped="1">
  <testcase classname="testNg.DemoN" name="sub" time="0.004">
    <system-out>
      <![CDATA[sub]]>
    </system-out>
  </testcase> <!-- sub -->
  <testcase classname="testNg.DemoN" name="mul" time="0.019">
    <system-out>
      <![CDATA[mul]]>
    </system-out>
  </testcase> <!-- mul -->
  <testcase classname="testNg.DemoN" name="add">
    <skipped/>
  </testcase> <!-- add -->
  <system-out>
    <![CDATA[mul
sub]]>
  </system-out>
</testsuite> <!-- testNg.DemoN -->
