<?xml version="1.0" encoding="UTF-8"?>
<!-- Generated by org.testng.reporters.JUnitReportReporter -->
<testsuite hostname="LAPTOP-6NAHQRLV" failures="0" tests="3" name="testNg.DependsOnMethod" time="0.056" errors="0" timestamp="2026-07-14T17:21:27 IST" skipped="0">
  <testcase classname="testNg.DependsOnMethod" name="editAcc" time="0.007">
    <system-out>
      <![CDATA[edited succesfully]]>
    </system-out>
  </testcase> <!-- editAcc -->
  <testcase classname="testNg.DependsOnMethod" name="deleteAcc" time="0.002">
    <system-out>
      <![CDATA[deleted succesfully]]>
    </system-out>
  </testcase> <!-- deleteAcc -->
  <testcase classname="testNg.DependsOnMethod" name="createAcc" time="0.047">
    <system-out>
      <![CDATA[Created succesfully]]>
    </system-out>
  </testcase> <!-- createAcc -->
  <system-out>
    <![CDATA[Created succesfully
edited succesfully
deleted succesfully]]>
  </system-out>
</testsuite> <!-- testNg.DependsOnMethod -->
